2022-10-20 09:59:31,384 [Worker-6: Loading available Gradle versions] INFO  o.e.b.c.i.u.g.PublishedGradleVersions - Gradle version information cache is up-to-date. Trying to read.
2022-10-20 10:00:13,643 [Worker-10: Importing Maven projects] INFO  o.e.m.c.i.l.LifecycleMappingFactory - Using org.eclipse.m2e.jdt.JarLifecycleMapping lifecycle mapping for MavenProject: com.cognizant:Contact:0.0.1-SNAPSHOT @ C:\Contact Mangement\Contact\pom.xml.
2022-10-20 10:00:20,684 [Worker-10: Importing Maven projects] INFO  o.e.m.j.i.AbstractJavaProjectConfigurator - Adding source folder /Contact/src/main/java
2022-10-20 10:00:20,685 [Worker-10: Importing Maven projects] INFO  o.e.m.j.i.AbstractJavaProjectConfigurator - Adding resource folder /Contact/src/main/resources
2022-10-20 10:00:20,686 [Worker-10: Importing Maven projects] INFO  o.e.m.j.i.AbstractJavaProjectConfigurator - Adding resource folder /Contact/src/main/resources
2022-10-20 10:00:20,692 [Worker-10: Importing Maven projects] INFO  o.e.m.j.i.AbstractJavaProjectConfigurator - Adding source folder /Contact/src/test/java
2022-10-20 10:00:21,376 [Worker-10: Importing Maven projects] INFO  o.e.m.c.i.p.ProjectConfigurationManager - Imported and configured 1 project(s) in 13 sec
2022-10-20 10:00:26,627 [Worker-11: Building] INFO  o.e.m.c.i.embedder.EclipseLogger - Using 'UTF-8' encoding to copy filtered resources.
2022-10-20 10:00:26,628 [Worker-11: Building] INFO  o.e.m.c.i.embedder.EclipseLogger - Using 'UTF-8' encoding to copy filtered properties files.
2022-10-20 10:00:26,638 [Worker-11: Building] INFO  o.e.m.c.i.embedder.EclipseLogger - Copying 1 resource
2022-10-20 10:00:26,679 [Worker-11: Building] INFO  o.e.m.c.i.embedder.EclipseLogger - Copying 1 resource
2022-10-20 10:00:26,721 [Worker-11: Building] INFO  o.e.m.c.i.embedder.EclipseLogger - Using 'UTF-8' encoding to copy filtered resources.
2022-10-20 10:00:26,722 [Worker-11: Building] INFO  o.e.m.c.i.embedder.EclipseLogger - Using 'UTF-8' encoding to copy filtered properties files.
2022-10-20 10:00:26,722 [Worker-11: Building] INFO  o.e.m.c.i.embedder.EclipseLogger - skip non existing resourceDirectory C:\Contact Mangement\Contact\src\test\resources
2022-10-20 10:02:55,239 [Worker-12: Building] INFO  o.e.m.c.i.embedder.EclipseLogger - Using 'UTF-8' encoding to copy filtered resources.
2022-10-20 10:02:55,239 [Worker-12: Building] INFO  o.e.m.c.i.embedder.EclipseLogger - Using 'UTF-8' encoding to copy filtered properties files.
2022-10-20 10:02:55,241 [Worker-12: Building] INFO  o.e.m.c.i.embedder.EclipseLogger - Copying 0 resource
2022-10-20 10:02:55,242 [Worker-12: Building] INFO  o.e.m.c.i.embedder.EclipseLogger - Copying 0 resource
2022-10-20 10:02:55,244 [Worker-12: Building] INFO  o.e.m.c.i.embedder.EclipseLogger - Using 'UTF-8' encoding to copy filtered resources.
2022-10-20 10:02:55,245 [Worker-12: Building] INFO  o.e.m.c.i.embedder.EclipseLogger - Using 'UTF-8' encoding to copy filtered properties files.
2022-10-20 10:02:55,245 [Worker-12: Building] INFO  o.e.m.c.i.embedder.EclipseLogger - skip non existing resourceDirectory C:\Contact Mangement\Contact\src\test\resources
2022-10-20 10:15:58,806 [Worker-15: Building] WARN  o.e.m.c.i.embedder.EclipseLogger - The POM for com.github.eirslett:contact_portal-maven-plugin:jar:${contact_portal-maven-plugin.version} is missing, no dependency information available
2022-10-20 10:15:58,819 [Worker-15: Building] WARN  o.e.m.c.i.embedder.EclipseLogger - The POM for com.github.eirslett:contact_portal-maven-plugin:jar:${contact_portal-maven-plugin.version} is missing, no dependency information available
2022-10-20 10:15:58,822 [Worker-15: Building] WARN  o.e.m.c.i.embedder.EclipseLogger - The POM for com.github.eirslett:contact_portal-maven-plugin:jar:${contact_portal-maven-plugin.version} is missing, no dependency information available
2022-10-20 10:15:59,019 [Worker-15: Building] INFO  o.e.m.c.i.l.LifecycleMappingFactory - Using org.eclipse.m2e.jdt.JarLifecycleMapping lifecycle mapping for MavenProject: com.cognizant:Contact:contactmanagementv0.1 @ C:\Contact Mangement\Contact\pom.xml.
2022-10-20 10:19:34,012 [Worker-20: Building] INFO  o.e.m.c.i.l.LifecycleMappingFactory - Using org.eclipse.m2e.jdt.JarLifecycleMapping lifecycle mapping for MavenProject: com.cognizant:Contact:contactmanagementv0.1 @ C:\Contact Mangement\Contact\pom.xml.
2022-10-20 10:19:37,009 [Worker-20: Building] INFO  o.e.m.c.i.embedder.EclipseLogger - Skipping npm install as package.json unchanged
2022-10-20 10:19:37,011 [Worker-20: Building] INFO  o.e.m.c.i.embedder.EclipseLogger - Skipping npm install as package.json unchanged
2022-10-20 10:19:37,672 [Worker-20: Building] INFO  o.e.m.c.i.embedder.EclipseLogger - Using 'UTF-8' encoding to copy filtered resources.
2022-10-20 10:19:37,672 [Worker-20: Building] INFO  o.e.m.c.i.embedder.EclipseLogger - Using 'UTF-8' encoding to copy filtered properties files.
2022-10-20 10:19:37,675 [Worker-20: Building] INFO  o.e.m.c.i.embedder.EclipseLogger - Copying 0 resource
2022-10-20 10:19:37,675 [Worker-20: Building] INFO  o.e.m.c.i.embedder.EclipseLogger - Copying 0 resource
2022-10-20 10:19:37,678 [Worker-20: Building] INFO  o.e.m.c.i.embedder.EclipseLogger - Using 'UTF-8' encoding to copy filtered resources.
2022-10-20 10:19:37,678 [Worker-20: Building] INFO  o.e.m.c.i.embedder.EclipseLogger - Using 'UTF-8' encoding to copy filtered properties files.
2022-10-20 10:19:37,679 [Worker-20: Building] INFO  o.e.m.c.i.embedder.EclipseLogger - skip non existing resourceDirectory C:\Contact Mangement\Contact\src\test\resources
2022-10-20 10:19:37,685 [Worker-20: Building] INFO  o.e.m.c.i.embedder.EclipseLogger - Using 'UTF-8' encoding to copy filtered resources.
2022-10-20 10:19:37,685 [Worker-20: Building] INFO  o.e.m.c.i.embedder.EclipseLogger - Using 'UTF-8' encoding to copy filtered properties files.
2022-10-20 10:19:37,685 [Worker-20: Building] INFO  o.e.m.c.i.embedder.EclipseLogger - skip non existing resourceDirectory C:\Contact Mangement\Contact\${contact_portal-src-dir}\build
2022-10-20 10:20:00,716 [Worker-20: Launching Executing clean in C__Contact Mangement_Contact] INFO  o.e.m.i.launch.MavenLaunchDelegate - C:\Contact Mangement\Contact
2022-10-20 10:20:00,717 [Worker-20: Launching Executing clean in C__Contact Mangement_Contact] INFO  o.e.m.i.launch.MavenLaunchDelegate -  mvn -B clean -Dstyle.color=always
2022-10-20 10:20:19,858 [main] INFO  o.e.m2e.actions.ExecutePomAction - Creating new launch configuration
2022-10-20 10:20:26,412 [Worker-15: Launching Contact] INFO  o.e.m.i.launch.MavenLaunchDelegate - C:\Contact Mangement\Contact
2022-10-20 10:20:26,412 [Worker-15: Launching Contact] INFO  o.e.m.i.launch.MavenLaunchDelegate -  mvn -B package -Dstyle.color=always
2022-10-20 10:20:45,249 [Worker-23: Building] INFO  o.e.m.c.i.embedder.EclipseLogger - Skipping npm install as package.json unchanged
2022-10-20 10:20:45,250 [Worker-23: Building] INFO  o.e.m.c.i.embedder.EclipseLogger - Skipping npm install as package.json unchanged
2022-10-20 10:20:45,252 [Worker-23: Building] INFO  o.e.m.c.i.embedder.EclipseLogger - Using 'UTF-8' encoding to copy filtered resources.
2022-10-20 10:20:45,252 [Worker-23: Building] INFO  o.e.m.c.i.embedder.EclipseLogger - Using 'UTF-8' encoding to copy filtered properties files.
2022-10-20 10:20:45,268 [Worker-23: Building] INFO  o.e.m.c.i.embedder.EclipseLogger - Copying 1 resource
2022-10-20 10:20:45,289 [Worker-23: Building] INFO  o.e.m.c.i.embedder.EclipseLogger - Copying 1 resource
2022-10-20 10:20:45,315 [Worker-23: Building] INFO  o.e.m.c.i.embedder.EclipseLogger - Using 'UTF-8' encoding to copy filtered resources.
2022-10-20 10:20:45,315 [Worker-23: Building] INFO  o.e.m.c.i.embedder.EclipseLogger - Using 'UTF-8' encoding to copy filtered properties files.
2022-10-20 10:20:45,316 [Worker-23: Building] INFO  o.e.m.c.i.embedder.EclipseLogger - skip non existing resourceDirectory C:\Contact Mangement\Contact\src\test\resources
2022-10-20 10:20:45,319 [Worker-23: Building] INFO  o.e.m.c.i.embedder.EclipseLogger - Using 'UTF-8' encoding to copy filtered resources.
2022-10-20 10:20:45,319 [Worker-23: Building] INFO  o.e.m.c.i.embedder.EclipseLogger - Using 'UTF-8' encoding to copy filtered properties files.
2022-10-20 10:20:45,319 [Worker-23: Building] INFO  o.e.m.c.i.embedder.EclipseLogger - skip non existing resourceDirectory C:\Contact Mangement\Contact\${contact_portal-src-dir}\build
2022-10-20 10:22:29,114 [Worker-26: Launching Executing clean in C__Contact Mangement_Contact] INFO  o.e.m.i.launch.MavenLaunchDelegate - C:\Contact Mangement\Contact
2022-10-20 10:22:29,115 [Worker-26: Launching Executing clean in C__Contact Mangement_Contact] INFO  o.e.m.i.launch.MavenLaunchDelegate -  mvn -B clean -Dstyle.color=always
2022-10-20 10:23:01,687 [Worker-21: Building] INFO  o.e.m.c.i.embedder.EclipseLogger - Skipping npm install as package.json unchanged
2022-10-20 10:23:01,687 [Worker-21: Building] INFO  o.e.m.c.i.embedder.EclipseLogger - Skipping npm install as package.json unchanged
2022-10-20 10:23:01,689 [Worker-21: Building] INFO  o.e.m.c.i.embedder.EclipseLogger - Using 'UTF-8' encoding to copy filtered resources.
2022-10-20 10:23:01,689 [Worker-21: Building] INFO  o.e.m.c.i.embedder.EclipseLogger - Using 'UTF-8' encoding to copy filtered properties files.
2022-10-20 10:23:01,702 [Worker-21: Building] INFO  o.e.m.c.i.embedder.EclipseLogger - Copying 1 resource
2022-10-20 10:23:01,724 [Worker-21: Building] INFO  o.e.m.c.i.embedder.EclipseLogger - Copying 1 resource
2022-10-20 10:23:01,756 [Worker-21: Building] INFO  o.e.m.c.i.embedder.EclipseLogger - Using 'UTF-8' encoding to copy filtered resources.
2022-10-20 10:23:01,756 [Worker-21: Building] INFO  o.e.m.c.i.embedder.EclipseLogger - Using 'UTF-8' encoding to copy filtered properties files.
2022-10-20 10:23:01,756 [Worker-21: Building] INFO  o.e.m.c.i.embedder.EclipseLogger - skip non existing resourceDirectory C:\Contact Mangement\Contact\src\test\resources
2022-10-20 10:23:01,758 [Worker-21: Building] INFO  o.e.m.c.i.embedder.EclipseLogger - Using 'UTF-8' encoding to copy filtered resources.
2022-10-20 10:23:01,758 [Worker-21: Building] INFO  o.e.m.c.i.embedder.EclipseLogger - Using 'UTF-8' encoding to copy filtered properties files.
2022-10-20 10:23:01,758 [Worker-21: Building] INFO  o.e.m.c.i.embedder.EclipseLogger - skip non existing resourceDirectory C:\Contact Mangement\Contact\${contact_portal-src-dir}\build
2022-10-20 10:23:02,373 [Worker-27: Launching Executing install in C__Contact Mangement_Contact] INFO  o.e.m.i.launch.MavenLaunchDelegate - C:\Contact Mangement\Contact
2022-10-20 10:23:02,374 [Worker-27: Launching Executing install in C__Contact Mangement_Contact] INFO  o.e.m.i.launch.MavenLaunchDelegate -  mvn -B install -Dstyle.color=always
2022-10-20 10:24:36,788 [Worker-26: Building] INFO  o.e.m.c.i.embedder.EclipseLogger - Skipping npm install as package.json unchanged
2022-10-20 10:24:36,790 [Worker-26: Building] INFO  o.e.m.c.i.embedder.EclipseLogger - Skipping npm install as package.json unchanged
2022-10-20 10:24:36,792 [Worker-26: Building] INFO  o.e.m.c.i.embedder.EclipseLogger - Using 'UTF-8' encoding to copy filtered resources.
2022-10-20 10:24:36,792 [Worker-26: Building] INFO  o.e.m.c.i.embedder.EclipseLogger - Using 'UTF-8' encoding to copy filtered properties files.
2022-10-20 10:24:36,793 [Worker-26: Building] INFO  o.e.m.c.i.embedder.EclipseLogger - Copying 0 resource
2022-10-20 10:24:36,793 [Worker-26: Building] INFO  o.e.m.c.i.embedder.EclipseLogger - Copying 0 resource
2022-10-20 10:24:36,796 [Worker-26: Building] INFO  o.e.m.c.i.embedder.EclipseLogger - Using 'UTF-8' encoding to copy filtered resources.
2022-10-20 10:24:36,796 [Worker-26: Building] INFO  o.e.m.c.i.embedder.EclipseLogger - Using 'UTF-8' encoding to copy filtered properties files.
2022-10-20 10:24:36,796 [Worker-26: Building] INFO  o.e.m.c.i.embedder.EclipseLogger - skip non existing resourceDirectory C:\Contact Mangement\Contact\src\test\resources
2022-10-20 10:24:36,800 [Worker-26: Building] INFO  o.e.m.c.i.embedder.EclipseLogger - Using 'UTF-8' encoding to copy filtered resources.
2022-10-20 10:24:36,801 [Worker-26: Building] INFO  o.e.m.c.i.embedder.EclipseLogger - Using 'UTF-8' encoding to copy filtered properties files.
2022-10-20 10:24:36,801 [Worker-26: Building] INFO  o.e.m.c.i.embedder.EclipseLogger - skip non existing resourceDirectory C:\Contact Mangement\Contact\${contact_portal-src-dir}\build
2022-10-20 10:26:57,387 [Worker-21: Building] WARN  o.e.m.c.i.embedder.EclipseLogger - The POM for com.github.eirslett:contact_portal-maven-plugin:jar:1.12.1 is missing, no dependency information available
2022-10-20 10:26:57,403 [Worker-21: Building] WARN  o.e.m.c.i.embedder.EclipseLogger - The POM for com.github.eirslett:contact_portal-maven-plugin:jar:1.12.1 is missing, no dependency information available
2022-10-20 10:26:57,408 [Worker-21: Building] WARN  o.e.m.c.i.embedder.EclipseLogger - The POM for com.github.eirslett:contact_portal-maven-plugin:jar:1.12.1 is missing, no dependency information available
2022-10-20 10:26:57,673 [Worker-21: Building] INFO  o.e.m.c.i.l.LifecycleMappingFactory - Using org.eclipse.m2e.jdt.JarLifecycleMapping lifecycle mapping for MavenProject: com.cognizant:Contact:contactmanagementv0.1 @ C:\Contact Mangement\Contact\pom.xml.
2022-10-20 10:27:08,883 [Worker-25: Launching Executing clean in C__Contact Mangement_Contact] INFO  o.e.m.i.launch.MavenLaunchDelegate - C:\Contact Mangement\Contact
2022-10-20 10:27:08,883 [Worker-25: Launching Executing clean in C__Contact Mangement_Contact] INFO  o.e.m.i.launch.MavenLaunchDelegate -  mvn -B clean -Dstyle.color=always
2022-10-20 10:28:25,613 [Worker-15: Launching Executing clean in C__Contact Mangement_Contact] INFO  o.e.m.i.launch.MavenLaunchDelegate - C:\Contact Mangement\Contact
2022-10-20 10:28:25,614 [Worker-15: Launching Executing clean in C__Contact Mangement_Contact] INFO  o.e.m.i.launch.MavenLaunchDelegate -  mvn -B clean -Dstyle.color=always
2022-10-20 10:29:06,565 [Worker-21: Building] WARN  o.e.m.c.i.embedder.EclipseLogger - The POM for com.github.eirslett:contact_portal-maven-plugin:jar:1.12.1 is missing, no dependency information available
2022-10-20 10:29:06,576 [Worker-21: Building] WARN  o.e.m.c.i.embedder.EclipseLogger - The POM for com.github.eirslett:contact_portal-maven-plugin:jar:1.12.1 is missing, no dependency information available
2022-10-20 10:29:06,579 [Worker-21: Building] WARN  o.e.m.c.i.embedder.EclipseLogger - The POM for com.github.eirslett:contact_portal-maven-plugin:jar:1.12.1 is missing, no dependency information available
2022-10-20 10:29:06,732 [Worker-21: Building] INFO  o.e.m.c.i.l.LifecycleMappingFactory - Using org.eclipse.m2e.jdt.JarLifecycleMapping lifecycle mapping for MavenProject: com.cognizant:Contact:contactmanagementv0.1 @ C:\Contact Mangement\Contact\pom.xml.
2022-10-20 11:59:07,649 [Worker-28: Building] WARN  o.e.m.c.i.embedder.EclipseLogger - The POM for com.github.eirslett:contact_portal-maven-plugin:jar:1.12.1 is missing, no dependency information available
2022-10-20 11:59:07,662 [Worker-28: Building] WARN  o.e.m.c.i.embedder.EclipseLogger - The POM for com.github.eirslett:contact_portal-maven-plugin:jar:1.12.1 is missing, no dependency information available
2022-10-20 11:59:07,664 [Worker-28: Building] WARN  o.e.m.c.i.embedder.EclipseLogger - The POM for com.github.eirslett:contact_portal-maven-plugin:jar:1.12.1 is missing, no dependency information available
2022-10-20 12:00:36,266 [Worker-29: Building] INFO  o.e.m.c.i.l.LifecycleMappingFactory - Using org.eclipse.m2e.jdt.JarLifecycleMapping lifecycle mapping for MavenProject: com.cognizant:Contact:contactmanagementv0.1 @ C:\Contact Mangement\Contact\pom.xml.
2022-10-20 12:00:42,416 [Worker-29: Building] INFO  o.e.m.c.i.embedder.EclipseLogger - Skipping npm install as package.json unchanged
2022-10-20 12:00:42,417 [Worker-29: Building] INFO  o.e.m.c.i.embedder.EclipseLogger - Skipping npm install as package.json unchanged
2022-10-20 12:00:43,157 [Worker-29: Building] INFO  o.e.m.c.i.embedder.EclipseLogger - Using 'UTF-8' encoding to copy filtered resources.
2022-10-20 12:00:43,158 [Worker-29: Building] INFO  o.e.m.c.i.embedder.EclipseLogger - Using 'UTF-8' encoding to copy filtered properties files.
2022-10-20 12:00:43,160 [Worker-29: Building] INFO  o.e.m.c.i.embedder.EclipseLogger - Copying 0 resource
2022-10-20 12:00:43,161 [Worker-29: Building] INFO  o.e.m.c.i.embedder.EclipseLogger - Copying 0 resource
2022-10-20 12:00:43,163 [Worker-29: Building] INFO  o.e.m.c.i.embedder.EclipseLogger - Using 'UTF-8' encoding to copy filtered resources.
2022-10-20 12:00:43,163 [Worker-29: Building] INFO  o.e.m.c.i.embedder.EclipseLogger - Using 'UTF-8' encoding to copy filtered properties files.
2022-10-20 12:00:43,163 [Worker-29: Building] INFO  o.e.m.c.i.embedder.EclipseLogger - skip non existing resourceDirectory C:\Contact Mangement\Contact\src\test\resources
2022-10-20 12:00:43,167 [Worker-29: Building] INFO  o.e.m.c.i.embedder.EclipseLogger - Using 'UTF-8' encoding to copy filtered resources.
2022-10-20 12:00:43,167 [Worker-29: Building] INFO  o.e.m.c.i.embedder.EclipseLogger - Using 'UTF-8' encoding to copy filtered properties files.
2022-10-20 12:00:43,167 [Worker-29: Building] INFO  o.e.m.c.i.embedder.EclipseLogger - skip non existing resourceDirectory C:\Contact Mangement\Contact\${contact_portal-src-dir}\build
2022-10-20 12:03:17,985 [Worker-30: Launching Executing clean in C__Contact Mangement_Contact] INFO  o.e.m.i.launch.MavenLaunchDelegate - C:\Contact Mangement\Contact
2022-10-20 12:03:17,985 [Worker-30: Launching Executing clean in C__Contact Mangement_Contact] INFO  o.e.m.i.launch.MavenLaunchDelegate -  mvn -B clean -Dstyle.color=always
2022-10-20 12:03:34,611 [Worker-31: Launching Executing install in C__Contact Mangement_Contact] INFO  o.e.m.i.launch.MavenLaunchDelegate - C:\Contact Mangement\Contact
2022-10-20 12:03:34,612 [Worker-31: Launching Executing install in C__Contact Mangement_Contact] INFO  o.e.m.i.launch.MavenLaunchDelegate -  mvn -B install -Dstyle.color=always
2022-10-20 12:03:54,087 [Worker-21: Building] INFO  o.e.m.c.i.embedder.EclipseLogger - Skipping npm install as package.json unchanged
2022-10-20 12:03:54,088 [Worker-21: Building] INFO  o.e.m.c.i.embedder.EclipseLogger - Skipping npm install as package.json unchanged
2022-10-20 12:03:54,090 [Worker-21: Building] INFO  o.e.m.c.i.embedder.EclipseLogger - Using 'UTF-8' encoding to copy filtered resources.
2022-10-20 12:03:54,090 [Worker-21: Building] INFO  o.e.m.c.i.embedder.EclipseLogger - Using 'UTF-8' encoding to copy filtered properties files.
2022-10-20 12:03:54,109 [Worker-21: Building] INFO  o.e.m.c.i.embedder.EclipseLogger - Copying 1 resource
2022-10-20 12:03:54,155 [Worker-21: Building] INFO  o.e.m.c.i.embedder.EclipseLogger - Copying 1 resource
2022-10-20 12:03:54,189 [Worker-21: Building] INFO  o.e.m.c.i.embedder.EclipseLogger - Using 'UTF-8' encoding to copy filtered resources.
2022-10-20 12:03:54,190 [Worker-21: Building] INFO  o.e.m.c.i.embedder.EclipseLogger - Using 'UTF-8' encoding to copy filtered properties files.
2022-10-20 12:03:54,190 [Worker-21: Building] INFO  o.e.m.c.i.embedder.EclipseLogger - skip non existing resourceDirectory C:\Contact Mangement\Contact\src\test\resources
2022-10-20 12:03:54,192 [Worker-21: Building] INFO  o.e.m.c.i.embedder.EclipseLogger - Using 'UTF-8' encoding to copy filtered resources.
2022-10-20 12:03:54,192 [Worker-21: Building] INFO  o.e.m.c.i.embedder.EclipseLogger - Using 'UTF-8' encoding to copy filtered properties files.
2022-10-20 12:03:54,192 [Worker-21: Building] INFO  o.e.m.c.i.embedder.EclipseLogger - skip non existing resourceDirectory C:\Contact Mangement\Contact\${contact_portal-src-dir}\build
2022-10-20 12:05:10,110 [Worker-21: Building] INFO  o.e.m.c.i.l.LifecycleMappingFactory - Using org.eclipse.m2e.jdt.JarLifecycleMapping lifecycle mapping for MavenProject: com.cognizant:Contact:contactmanagementv0.1 @ C:\Contact Mangement\Contact\pom.xml.
2022-10-20 12:05:13,617 [Worker-21: Building] INFO  o.e.m.c.i.embedder.EclipseLogger - Skipping npm install as package.json unchanged
2022-10-20 12:05:13,618 [Worker-21: Building] INFO  o.e.m.c.i.embedder.EclipseLogger - Skipping npm install as package.json unchanged
2022-10-20 12:05:14,267 [Worker-21: Building] INFO  o.e.m.c.i.embedder.EclipseLogger - Using 'UTF-8' encoding to copy filtered resources.
2022-10-20 12:05:14,267 [Worker-21: Building] INFO  o.e.m.c.i.embedder.EclipseLogger - Using 'UTF-8' encoding to copy filtered properties files.
2022-10-20 12:05:14,271 [Worker-21: Building] INFO  o.e.m.c.i.embedder.EclipseLogger - Copying 0 resource
2022-10-20 12:05:14,272 [Worker-21: Building] INFO  o.e.m.c.i.embedder.EclipseLogger - Copying 0 resource
2022-10-20 12:05:14,274 [Worker-21: Building] INFO  o.e.m.c.i.embedder.EclipseLogger - Using 'UTF-8' encoding to copy filtered resources.
2022-10-20 12:05:14,274 [Worker-21: Building] INFO  o.e.m.c.i.embedder.EclipseLogger - Using 'UTF-8' encoding to copy filtered properties files.
2022-10-20 12:05:14,274 [Worker-21: Building] INFO  o.e.m.c.i.embedder.EclipseLogger - skip non existing resourceDirectory C:\Contact Mangement\Contact\src\test\resources
2022-10-20 12:05:14,277 [Worker-21: Building] INFO  o.e.m.c.i.embedder.EclipseLogger - Using 'UTF-8' encoding to copy filtered resources.
2022-10-20 12:05:14,277 [Worker-21: Building] INFO  o.e.m.c.i.embedder.EclipseLogger - Using 'UTF-8' encoding to copy filtered properties files.
2022-10-20 12:05:14,277 [Worker-21: Building] INFO  o.e.m.c.i.embedder.EclipseLogger - skip non existing resourceDirectory C:\Contact Mangement\Contact\frontend\build
2022-10-20 12:05:22,711 [Worker-27: Launching Executing clean in C__Contact Mangement_Contact] INFO  o.e.m.i.launch.MavenLaunchDelegate - C:\Contact Mangement\Contact
2022-10-20 12:05:22,712 [Worker-27: Launching Executing clean in C__Contact Mangement_Contact] INFO  o.e.m.i.launch.MavenLaunchDelegate -  mvn -B clean -Dstyle.color=always
2022-10-20 12:05:55,296 [Worker-28: Building] INFO  o.e.m.c.i.embedder.EclipseLogger - Skipping npm install as package.json unchanged
2022-10-20 12:05:55,298 [Worker-28: Building] INFO  o.e.m.c.i.embedder.EclipseLogger - Skipping npm install as package.json unchanged
2022-10-20 12:05:55,301 [Worker-28: Building] INFO  o.e.m.c.i.embedder.EclipseLogger - Using 'UTF-8' encoding to copy filtered resources.
2022-10-20 12:05:55,301 [Worker-28: Building] INFO  o.e.m.c.i.embedder.EclipseLogger - Using 'UTF-8' encoding to copy filtered properties files.
2022-10-20 12:05:55,316 [Worker-28: Building] INFO  o.e.m.c.i.embedder.EclipseLogger - Copying 1 resource
2022-10-20 12:05:55,346 [Worker-28: Building] INFO  o.e.m.c.i.embedder.EclipseLogger - Copying 1 resource
2022-10-20 12:05:55,373 [Worker-28: Building] INFO  o.e.m.c.i.embedder.EclipseLogger - Using 'UTF-8' encoding to copy filtered resources.
2022-10-20 12:05:55,373 [Worker-28: Building] INFO  o.e.m.c.i.embedder.EclipseLogger - Using 'UTF-8' encoding to copy filtered properties files.
2022-10-20 12:05:55,373 [Worker-28: Building] INFO  o.e.m.c.i.embedder.EclipseLogger - skip non existing resourceDirectory C:\Contact Mangement\Contact\src\test\resources
2022-10-20 12:05:55,376 [Worker-28: Building] INFO  o.e.m.c.i.embedder.EclipseLogger - Using 'UTF-8' encoding to copy filtered resources.
2022-10-20 12:05:55,376 [Worker-28: Building] INFO  o.e.m.c.i.embedder.EclipseLogger - Using 'UTF-8' encoding to copy filtered properties files.
2022-10-20 12:05:55,376 [Worker-28: Building] INFO  o.e.m.c.i.embedder.EclipseLogger - skip non existing resourceDirectory C:\Contact Mangement\Contact\frontend\build
2022-10-20 12:06:16,947 [Worker-27: Launching Executing install in C__Contact Mangement_Contact] INFO  o.e.m.i.launch.MavenLaunchDelegate - C:\Contact Mangement\Contact
2022-10-20 12:06:16,948 [Worker-27: Launching Executing install in C__Contact Mangement_Contact] INFO  o.e.m.i.launch.MavenLaunchDelegate -  mvn -B install -Dstyle.color=always
2022-10-20 12:09:07,498 [Worker-27: Building] INFO  o.e.m.c.i.embedder.EclipseLogger - Skipping npm install as package.json unchanged
2022-10-20 12:09:07,499 [Worker-27: Building] INFO  o.e.m.c.i.embedder.EclipseLogger - Skipping npm install as package.json unchanged
2022-10-20 12:09:07,501 [Worker-27: Building] INFO  o.e.m.c.i.embedder.EclipseLogger - Using 'UTF-8' encoding to copy filtered resources.
2022-10-20 12:09:07,501 [Worker-27: Building] INFO  o.e.m.c.i.embedder.EclipseLogger - Using 'UTF-8' encoding to copy filtered properties files.
2022-10-20 12:09:07,515 [Worker-27: Building] INFO  o.e.m.c.i.embedder.EclipseLogger - Copying 1 resource
2022-10-20 12:09:07,603 [Worker-27: Building] INFO  o.e.m.c.i.embedder.EclipseLogger - Copying 1 resource
2022-10-20 12:09:07,615 [Worker-27: Building] INFO  o.e.m.c.i.embedder.EclipseLogger - Using 'UTF-8' encoding to copy filtered resources.
2022-10-20 12:09:07,615 [Worker-27: Building] INFO  o.e.m.c.i.embedder.EclipseLogger - Using 'UTF-8' encoding to copy filtered properties files.
2022-10-20 12:09:07,615 [Worker-27: Building] INFO  o.e.m.c.i.embedder.EclipseLogger - skip non existing resourceDirectory C:\Contact Mangement\Contact\src\test\resources
2022-10-20 12:09:07,617 [Worker-27: Building] INFO  o.e.m.c.i.embedder.EclipseLogger - Using 'UTF-8' encoding to copy filtered resources.
2022-10-20 12:09:07,617 [Worker-27: Building] INFO  o.e.m.c.i.embedder.EclipseLogger - Using 'UTF-8' encoding to copy filtered properties files.
2022-10-20 12:09:07,637 [Worker-27: Building] INFO  o.e.m.c.i.embedder.EclipseLogger - Copying 14 resources
2022-10-20 12:09:42,134 [main] INFO  o.e.m2e.actions.ExecutePomAction - Creating new launch configuration
2022-10-20 12:09:48,063 [Worker-27: Launching Contact (1)] INFO  o.e.m.i.launch.MavenLaunchDelegate - C:\Contact Mangement\Contact
2022-10-20 12:09:48,064 [Worker-27: Launching Contact (1)] INFO  o.e.m.i.launch.MavenLaunchDelegate -  mvn -B package -Dstyle.color=always
